<?xml version="1.0" encoding="UTF-8"?>
<!-- Generated by org.testng.reporters.JUnitReportReporter -->
<testsuite hostname="NavinSampath" failures="0" tests="1" name="POM.RunnerClass" time="0.780" errors="0" timestamp="26 Sep 2023 02:24:12 GMT" skipped="0">
  <testcase classname="POM.RunnerClass" name="execution" time="0.780"/>
</testsuite> <!-- POM.RunnerClass -->
